// 重构日志: a4a14f7f
// 重构日志: b8954774
// 重构日志: 436bafee
// 重构日志: 8350c7ed
// 重构日志: b97e2c10
// 重构日志: 9b3a5d36
// 同步 ID: 883af7bf @ Thu Jun 25 16:51:46 UTC 2026
// 重构日志: 19432b73
// 同步 ID: 02646aed @ Sun Jun 28 10:57:28 UTC 2026
// 重构日志: a1726082
// 重构日志: 220e40ec
// 重构日志: b89425d1
// 重构日志: 217a772d
// 重构日志: 39974e61
// 重构日志: cd3727ea
// 重构日志: 691c5b96
// 同步 ID: 39bfbd27 @ Thu Jul  2 02:15:29 UTC 2026
// 重构日志: 5aef5559
// 重构日志: a98af9ab
// 重构日志: 6cda284f
// 重构日志: ffff1a9c
// 重构日志: d3809892
// 同步 ID: 30dd78d6 @ Fri Jul  3 12:37:47 UTC 2026
// 重构日志: e78b1665
// 同步 ID: d19073c3 @ Sat Jul  4 18:47:24 UTC 2026
// 同步 ID: 41689dd6 @ Wed Jul  8 16:05:00 UTC 2026
// 重构日志: 0255abb6
// 重构日志: 2e699b59
// 重构日志: bdf3eccb
// 同步 ID: bc78fa6f @ Fri Jul 10 08:51:45 UTC 2026
